<?xml version="1.0" encoding="UTF-8"?>
<testsuite xmlns:xsi="http://www.w3.org/2001/XMLSchema-instance" xsi:noNamespaceSchemaLocation="https://maven.apache.org/surefire/maven-surefire-plugin/xsd/surefire-test-report-3.0.xsd" version="3.0" name="fr.cotedazur.univ.polytech.startingpoint.robots.PowerTest" time="0.101" tests="9" errors="0" skipped="0" failures="0">
  <properties>
    <property name="java.specification.version" value="17"/>
    <property name="sun.cpu.isalist" value="amd64"/>
    <property name="sun.jnu.encoding" value="Cp1252"/>
    <property name="java.class.path" value="C:\Users\sarat\Desktop\Inge\projet2-ps-23-24-citadels-2024-n\target\test-classes;C:\Users\sarat\Desktop\Inge\projet2-ps-23-24-citadels-2024-n\target\classes;C:\Users\sarat\.m2\repository\org\junit\jupiter\junit-jupiter\5.10.1\junit-jupiter-5.10.1.jar;C:\Users\sarat\.m2\repository\org\junit\jupiter\junit-jupiter-api\5.10.1\junit-jupiter-api-5.10.1.jar;C:\Users\sarat\.m2\repository\org\opentest4j\opentest4j\1.3.0\opentest4j-1.3.0.jar;C:\Users\sarat\.m2\repository\org\junit\platform\junit-platform-commons\1.10.1\junit-platform-commons-1.10.1.jar;C:\Users\sarat\.m2\repository\org\apiguardian\apiguardian-api\1.1.2\apiguardian-api-1.1.2.jar;C:\Users\sarat\.m2\repository\org\junit\jupiter\junit-jupiter-params\5.10.1\junit-jupiter-params-5.10.1.jar;C:\Users\sarat\.m2\repository\org\junit\jupiter\junit-jupiter-engine\5.10.1\junit-jupiter-engine-5.10.1.jar;C:\Users\sarat\.m2\repository\org\junit\platform\junit-platform-engine\1.10.1\junit-platform-engine-1.10.1.jar;C:\Users\sarat\.m2\repository\org\mockito\mockito-core\4.2.0\mockito-core-4.2.0.jar;C:\Users\sarat\.m2\repository\net\bytebuddy\byte-buddy\1.12.4\byte-buddy-1.12.4.jar;C:\Users\sarat\.m2\repository\net\bytebuddy\byte-buddy-agent\1.12.4\byte-buddy-agent-1.12.4.jar;C:\Users\sarat\.m2\repository\org\objenesis\objenesis\3.2\objenesis-3.2.jar;C:\Users\sarat\.m2\repository\com\opencsv\opencsv\5.9\opencsv-5.9.jar;C:\Users\sarat\.m2\repository\org\apache\commons\commons-lang3\3.13.0\commons-lang3-3.13.0.jar;C:\Users\sarat\.m2\repository\org\apache\commons\commons-text\1.11.0\commons-text-1.11.0.jar;C:\Users\sarat\.m2\repository\commons-beanutils\commons-beanutils\1.9.4\commons-beanutils-1.9.4.jar;C:\Users\sarat\.m2\repository\commons-logging\commons-logging\1.2\commons-logging-1.2.jar;C:\Users\sarat\.m2\repository\commons-collections\commons-collections\3.2.2\commons-collections-3.2.2.jar;C:\Users\sarat\.m2\repository\org\apache\commons\commons-collections4\4.4\commons-collections4-4.4.jar;C:\Users\sarat\.m2\repository\org\jcommander\jcommander\1.83\jcommander-1.83.jar;C:\Users\sarat\.m2\repository\junit\junit\4.13.1\junit-4.13.1.jar;C:\Users\sarat\.m2\repository\org\hamcrest\hamcrest-core\1.3\hamcrest-core-1.3.jar;"/>
    <property name="java.vm.vendor" value="Oracle Corporation"/>
    <property name="sun.arch.data.model" value="64"/>
    <property name="user.variant" value=""/>
    <property name="java.vendor.url" value="https://java.oracle.com/"/>
    <property name="user.timezone" value="Europe/Paris"/>
    <property name="os.name" value="Windows 11"/>
    <property name="java.vm.specification.version" value="17"/>
    <property name="sun.java.launcher" value="SUN_STANDARD"/>
    <property name="user.country" value="GB"/>
    <property name="sun.boot.library.path" value="C:\Program Files\Java\jdk-17\bin"/>
    <property name="sun.java.command" value="C:\Users\sarat\AppData\Local\Temp\surefire1882310099980829528\surefirebooter-20240209172530526_3.jar C:\Users\sarat\AppData\Local\Temp\surefire1882310099980829528 2024-02-09T17-25-30_327-jvmRun1 surefire-20240209172530526_1tmp surefire_0-20240209172530526_2tmp"/>
    <property name="jdk.debug" value="release"/>
    <property name="surefire.test.class.path" value="C:\Users\sarat\Desktop\Inge\projet2-ps-23-24-citadels-2024-n\target\test-classes;C:\Users\sarat\Desktop\Inge\projet2-ps-23-24-citadels-2024-n\target\classes;C:\Users\sarat\.m2\repository\org\junit\jupiter\junit-jupiter\5.10.1\junit-jupiter-5.10.1.jar;C:\Users\sarat\.m2\repository\org\junit\jupiter\junit-jupiter-api\5.10.1\junit-jupiter-api-5.10.1.jar;C:\Users\sarat\.m2\repository\org\opentest4j\opentest4j\1.3.0\opentest4j-1.3.0.jar;C:\Users\sarat\.m2\repository\org\junit\platform\junit-platform-commons\1.10.1\junit-platform-commons-1.10.1.jar;C:\Users\sarat\.m2\repository\org\apiguardian\apiguardian-api\1.1.2\apiguardian-api-1.1.2.jar;C:\Users\sarat\.m2\repository\org\junit\jupiter\junit-jupiter-params\5.10.1\junit-jupiter-params-5.10.1.jar;C:\Users\sarat\.m2\repository\org\junit\jupiter\junit-jupiter-engine\5.10.1\junit-jupiter-engine-5.10.1.jar;C:\Users\sarat\.m2\repository\org\junit\platform\junit-platform-engine\1.10.1\junit-platform-engine-1.10.1.jar;C:\Users\sarat\.m2\repository\org\mockito\mockito-core\4.2.0\mockito-core-4.2.0.jar;C:\Users\sarat\.m2\repository\net\bytebuddy\byte-buddy\1.12.4\byte-buddy-1.12.4.jar;C:\Users\sarat\.m2\repository\net\bytebuddy\byte-buddy-agent\1.12.4\byte-buddy-agent-1.12.4.jar;C:\Users\sarat\.m2\repository\org\objenesis\objenesis\3.2\objenesis-3.2.jar;C:\Users\sarat\.m2\repository\com\opencsv\opencsv\5.9\opencsv-5.9.jar;C:\Users\sarat\.m2\repository\org\apache\commons\commons-lang3\3.13.0\commons-lang3-3.13.0.jar;C:\Users\sarat\.m2\repository\org\apache\commons\commons-text\1.11.0\commons-text-1.11.0.jar;C:\Users\sarat\.m2\repository\commons-beanutils\commons-beanutils\1.9.4\commons-beanutils-1.9.4.jar;C:\Users\sarat\.m2\repository\commons-logging\commons-logging\1.2\commons-logging-1.2.jar;C:\Users\sarat\.m2\repository\commons-collections\commons-collections\3.2.2\commons-collections-3.2.2.jar;C:\Users\sarat\.m2\repository\org\apache\commons\commons-collections4\4.4\commons-collections4-4.4.jar;C:\Users\sarat\.m2\repository\org\jcommander\jcommander\1.83\jcommander-1.83.jar;C:\Users\sarat\.m2\repository\junit\junit\4.13.1\junit-4.13.1.jar;C:\Users\sarat\.m2\repository\org\hamcrest\hamcrest-core\1.3\hamcrest-core-1.3.jar;"/>
    <property name="sun.cpu.endian" value="little"/>
    <property name="user.home" value="C:\Users\sarat"/>
    <property name="user.language" value="en"/>
    <property name="java.specification.vendor" value="Oracle Corporation"/>
    <property name="java.version.date" value="2023-10-17"/>
    <property name="java.home" value="C:\Program Files\Java\jdk-17"/>
    <property name="file.separator" value="\"/>
    <property name="basedir" value="C:\Users\sarat\Desktop\Inge\projet2-ps-23-24-citadels-2024-n"/>
    <property name="java.vm.compressedOopsMode" value="32-bit"/>
    <property name="line.separator" value="&#10;"/>
    <property name="java.vm.specification.vendor" value="Oracle Corporation"/>
    <property name="java.specification.name" value="Java Platform API Specification"/>
    <property name="surefire.real.class.path" value="C:\Users\sarat\AppData\Local\Temp\surefire1882310099980829528\surefirebooter-20240209172530526_3.jar"/>
    <property name="user.script" value=""/>
    <property name="sun.management.compiler" value="HotSpot 64-Bit Tiered Compilers"/>
    <property name="java.runtime.version" value="17.0.9+11-LTS-201"/>
    <property name="user.name" value="sarat"/>
    <property name="path.separator" value=";"/>
    <property name="os.version" value="10.0"/>
    <property name="java.runtime.name" value="Java(TM) SE Runtime Environment"/>
    <property name="file.encoding" value="Cp1252"/>
    <property name="java.vm.name" value="Java HotSpot(TM) 64-Bit Server VM"/>
    <property name="localRepository" value="C:\Users\sarat\.m2\repository"/>
    <property name="java.vendor.url.bug" value="https://bugreport.java.com/bugreport/"/>
    <property name="java.io.tmpdir" value="C:\Users\sarat\AppData\Local\Temp\"/>
    <property name="java.version" value="17.0.9"/>
    <property name="user.dir" value="C:\Users\sarat\Desktop\Inge\projet2-ps-23-24-citadels-2024-n"/>
    <property name="os.arch" value="amd64"/>
    <property name="java.vm.specification.name" value="Java Virtual Machine Specification"/>
    <property name="java.util.logging.SimpleFormatter.format" value="&amp;#27;[37m %5$s%6$s%n &amp;#27;[0m"/>
    <property name="sun.os.patch.level" value=""/>
    <property name="native.encoding" value="Cp1252"/>
    <property name="java.library.path" value="C:\Program Files\Java\jdk-17\bin;C:\WINDOWS\Sun\Java\bin;C:\WINDOWS\system32;C:\WINDOWS;C:\Users\sarat\bin;C:\Program Files\Git\mingw64\bin;C:\Program Files\Git\usr\local\bin;C:\Program Files\Git\usr\bin;C:\Program Files\Git\usr\bin;C:\Program Files\Git\mingw64\bin;C:\Program Files\Git\usr\bin;C:\Users\sarat\bin;C:\Program Files\Common Files\Oracle\Java\javapath;C:\Program Files (x86)\Common Files\Oracle\Java\javapath;C:\Windows\System32\HWAudioDriverLibs;C:\Windows\system32;C:\Windows;C:\Windows\System32\Wbem;C:\Windows\System32\WindowsPowerShell\v1.0;C:\Windows\System32\OpenSSH;C:\Users\Administrator\AppData\Local\Microsoft\WindowsApps;C:\WINDOWS\system32;C:\WINDOWS;C:\WINDOWS\System32\Wbem;C:\WINDOWS\System32\WindowsPowerShell\v1.0;C:\WINDOWS\System32\OpenSSH;C:\Program Files\Git\cmd;C:\Users\sarat\apache-maven-3.9.6\bin;C:\Users\sarat\.jdks\corretto-17.0.9\bin;C:\msys64\mingw64\bin;C:\Program Files\Docker\Docker\resources\bin;C:\Program Files\CodeBlocks\MinGW\opt\lib\python2.7;C:\Program Files\nodejs;C:\Users\sarat\AppData\Local\Programs\Python\Launcher;C:\Users\sarat\AppData\Local\Microsoft\WindowsApps;C:\Users\sarat\AppData\Local\JetBrains\Toolbox\scripts;C:\Program Files\Java\jdk-17;C:\Program Files\Java\jre-1.8;C:\Users\sarat\apache-maven-3.9.6\bin;C:\Program Files\Java\jdk-17\lib;C:\Users\sarat\AppData\Local\Programs\Microsoft VS Code\bin;C:\Program Files\CodeBlocks\MinGW\opt\lib\python2.7;C:\Users\sarat\AppData\Roaming\npm;C:\Program Files\Git\usr\bin\vendor_perl;C:\Program Files\Git\usr\bin\core_perl;."/>
    <property name="java.vm.info" value="mixed mode, sharing"/>
    <property name="java.vendor" value="Oracle Corporation"/>
    <property name="java.vm.version" value="17.0.9+11-LTS-201"/>
    <property name="sun.io.unicode.encoding" value="UnicodeLittle"/>
    <property name="java.class.version" value="61.0"/>
  </properties>
  <testcase name="canDestroyDistrict" classname="fr.cotedazur.univ.polytech.startingpoint.robots.PowerTest" time="0.069"/>
  <testcase name="condottiere" classname="fr.cotedazur.univ.polytech.startingpoint.robots.PowerTest" time="0.001">
    <system-err><![CDATA[&amp#27;[37m City of victim : &amp#27;[33m(Palais, 5)&amp#27;[37m,&amp#27;[35m(Cimetiere, 5)&amp#27;[37m,&amp#27;[31m(Prison, 2)&amp#27;[37m,&amp#27;[32m(Taverne, 1)&amp#27;[37m
 &amp#27;[0m&amp#27;[37m destructor destroyed (Palais, 5) of victim and now has 1 golds
 &amp#27;[0m&amp#27;[37m City of victim : &amp#27;[35m(Cimetiere, 5)&amp#27;[37m,&amp#27;[31m(Prison, 2)&amp#27;[37m,&amp#27;[32m(Taverne, 1)&amp#27;[37m
 &amp#27;[0m&amp#27;[37m destructor destroyed (Prison, 2) of victim and now has 0 golds
 &amp#27;[0m&amp#27;[37m City of victim : &amp#27;[35m(Cimetiere, 5)&amp#27;[37m,&amp#27;[32m(Taverne, 1)&amp#27;[37m
 &amp#27;[0m&amp#27;[37m destructor destroyed (Taverne, 1) of victim and now has 0 golds
 &amp#27;[0m&amp#27;[37m City of victim : &amp#27;[35m(Cimetiere, 5)&amp#27;[37m
 &amp#27;[0m&amp#27;[37m destructor can't destroy (Cimetiere, 5) of victim because he is Eveque
 &amp#27;[0m]]></system-err>
  </testcase>
  <testcase name="testCondottiereDetruitBibliotheque" classname="fr.cotedazur.univ.polytech.startingpoint.robots.PowerTest" time="0.001">
    <system-err><![CDATA[&amp#27;[37m City of Victim : &amp#27;[35m(Bibliotheque, 6)&amp#27;[37m
 &amp#27;[0m&amp#27;[37m Condottiere destroyed (Bibliotheque, 6) of Victim and now has 95 golds
 &amp#27;[0m]]></system-err>
  </testcase>
  <testcase name="marchand" classname="fr.cotedazur.univ.polytech.startingpoint.robots.PowerTest" time="0.001">
    <system-err><![CDATA[&amp#27;[37m By being a merchant, marchand earned 1 gold. Total golds now: 3
 &amp#27;[0m]]></system-err>
  </testcase>
  <testcase name="testAssassin" classname="fr.cotedazur.univ.polytech.startingpoint.robots.PowerTest" time="0.001"/>
  <testcase name="testCondottiereWithVictim8District" classname="fr.cotedazur.univ.polytech.startingpoint.robots.PowerTest" time="0.006">
    <system-err><![CDATA[&amp#27;[37m City of Victim : &amp#27;[32m(Port, 4)&amp#27;[37m,&amp#27;[32m(Comptoir, 3)&amp#27;[37m,&amp#27;[31m(Caserne, 3)&amp#27;[37m,&amp#27;[33m(Manoir, 3)&amp#27;[37m,&amp#27;[34m(Monastere, 3)&amp#27;[37m,&amp#27;[34m(Eglise, 2)&amp#27;[37m,&amp#27;[32m(Marche, 2)&amp#27;[37m
 &amp#27;[0m&amp#27;[37m Condottiere destroyed (Port, 4) of Victim and now has 97 golds
 &amp#27;[0m&amp#27;[37m City of Victim : &amp#27;[31m(Forteresse, 5)&amp#27;[37m,&amp#27;[32m(Comptoir, 3)&amp#27;[37m,&amp#27;[31m(Caserne, 3)&amp#27;[37m,&amp#27;[33m(Manoir, 3)&amp#27;[37m,&amp#27;[34m(Monastere, 3)&amp#27;[37m,&amp#27;[34m(Eglise, 2)&amp#27;[37m,&amp#27;[32m(Marche, 2)&amp#27;[37m,&amp#27;[31m(Prison, 2)&amp#27;[37m
 &amp#27;[0m&amp#27;[37m Condottiere can't destroy the districts of Victim because he has only 97 golds or the district is a Donjon or because Victim has already 8 districts
 &amp#27;[0m]]></system-err>
  </testcase>
  <testcase name="testMarchand" classname="fr.cotedazur.univ.polytech.startingpoint.robots.PowerTest" time="0.009"/>
  <testcase name="testCondottiereDetruitObservatoire" classname="fr.cotedazur.univ.polytech.startingpoint.robots.PowerTest" time="0.001">
    <system-err><![CDATA[&amp#27;[37m City of Victim : &amp#27;[35m(Observatoire, 5)&amp#27;[37m
 &amp#27;[0m&amp#27;[37m Condottiere destroyed (Observatoire, 5) of Victim and now has 96 golds
 &amp#27;[0m]]></system-err>
  </testcase>
  <testcase name="tryDestroyDonjon" classname="fr.cotedazur.univ.polytech.startingpoint.robots.PowerTest" time="0.001">
    <system-err><![CDATA[&amp#27;[37m City of victim : &amp#27;[35m(Donjon, 3)&amp#27;[37m
 &amp#27;[0m&amp#27;[37m destructor can't destroy the districts of victim because he has only 5 golds or the district is a Donjon or because victim has already 8 districts
 &amp#27;[0m&amp#27;[37m City of victim : &amp#27;[33m(Chateau, 4)&amp#27;[37m,&amp#27;[35m(Donjon, 3)&amp#27;[37m,&amp#27;[31m(Caserne, 3)&amp#27;[37m
 &amp#27;[0m&amp#27;[37m destructor destroyed (Chateau, 4) of victim and now has 2 golds
 &amp#27;[0m]]></system-err>
  </testcase>
</testsuite>